2024-08-30 09:02:07.4775 Debug - Microsoft.AspNetCore.Mvc.ModelBinding.ModelBinderFactory: Registered model binder providers, in the following order: Microsoft.AspNetCore.Mvc.ModelBinding.Binders.BinderTypeModelBinderProvider, Microsoft.AspNetCore.Mvc.ModelBinding.Binders.ServicesModelBinderProvider, Microsoft.AspNetCore.Mvc.ModelBinding.Binders.BodyModelBinderProvider, Microsoft.AspNetCore.Mvc.ModelBinding.Binders.HeaderModelBinderProvider, Microsoft.AspNetCore.Mvc.ModelBinding.Binders.FloatingPointTypeModelBinderProvider, Microsoft.AspNetCore.Mvc.ModelBinding.Binders.EnumTypeModelBinderProvider, Microsoft.AspNetCore.Mvc.ModelBinding.Binders.DateTimeModelBinderProvider, Microsoft.AspNetCore.Mvc.ModelBinding.Binders.SimpleTypeModelBinderProvider, Microsoft.AspNetCore.Mvc.ModelBinding.Binders.TryParseModelBinderProvider, Microsoft.AspNetCore.Mvc.ModelBinding.Binders.CancellationTokenModelBinderProvider, Microsoft.AspNetCore.Mvc.ModelBinding.Binders.ByteArrayModelBinderProvider, Microsoft.AspNetCore.Mvc.ModelBinding.Binders.FormFileModelBinderProvider, Microsoft.AspNetCore.Mvc.ModelBinding.Binders.FormCollectionModelBinderProvider, Microsoft.AspNetCore.Mvc.ModelBinding.Binders.KeyValuePairModelBinderProvider, Microsoft.AspNetCore.Mvc.ModelBinding.Binders.DictionaryModelBinderProvider, Microsoft.AspNetCore.Mvc.ModelBinding.Binders.ArrayModelBinderProvider, Microsoft.AspNetCore.Mvc.ModelBinding.Binders.CollectionModelBinderProvider, Microsoft.AspNetCore.Mvc.ModelBinding.Binders.ComplexObjectModelBinderProvider
2024-08-30 09:02:07.5500 Debug - Microsoft.Extensions.Hosting.Internal.Host: Hosting starting
2024-08-30 09:02:07.5914 Info - Microsoft.Hosting.Lifetime: Now listening on: http://localhost:5067
2024-08-30 09:02:07.5914 Debug - Microsoft.AspNetCore.Hosting.Diagnostics: Loaded hosting startup assembly zoomanagement
2024-08-30 09:02:07.5914 Info - Microsoft.Hosting.Lifetime: Application started. Press Ctrl+C to shut down.
2024-08-30 09:02:07.5914 Info - Microsoft.Hosting.Lifetime: Hosting environment: Development
2024-08-30 09:02:07.5914 Info - Microsoft.Hosting.Lifetime: Content root path: C:\Users\dorot\Documents\Study\TechSwitch\15-1-ZooManagement\MyZooManagement\MyZooManagement
2024-08-30 09:02:07.5914 Debug - Microsoft.Extensions.Hosting.Internal.Host: Hosting started
2024-08-30 09:02:48.8622 Debug - Microsoft.AspNetCore.Server.Kestrel.Connections: Connection id "0HN68P8HS32EA" accepted.
2024-08-30 09:02:48.8622 Debug - Microsoft.AspNetCore.Server.Kestrel.Connections: Connection id "0HN68P8HS32EA" started.
2024-08-30 09:02:48.8622 Debug - Microsoft.AspNetCore.Server.Kestrel.Connections: Connection id "0HN68P8HS32EB" accepted.
2024-08-30 09:02:48.8622 Debug - Microsoft.AspNetCore.Server.Kestrel.Connections: Connection id "0HN68P8HS32EB" started.
2024-08-30 09:02:48.9360 Info - Microsoft.AspNetCore.Hosting.Diagnostics: Request starting HTTP/1.1 GET http://localhost:5067/swagger/index.html - - -
2024-08-30 09:02:48.9411 Debug - Microsoft.AspNetCore.HostFiltering.HostFilteringMiddleware: Wildcard detected, all requests with hosts will be allowed.
2024-08-30 09:02:48.9698 Debug - Microsoft.AspNetCore.Routing.Matching.DfaMatcher: No candidates found for the request path '/swagger/index.html'
2024-08-30 09:02:48.9698 Debug - Microsoft.AspNetCore.Routing.EndpointRoutingMiddleware: Request did not match any endpoints
2024-08-30 09:02:49.1199 Debug - Microsoft.AspNetCore.Server.Kestrel.Connections: Connection id "0HN68P8HS32EA" completed keep alive response.
2024-08-30 09:02:49.1199 Info - Microsoft.AspNetCore.Hosting.Diagnostics: Request finished HTTP/1.1 GET http://localhost:5067/swagger/index.html - 200 - text/html;charset=utf-8 187.9578ms
2024-08-30 09:02:49.2147 Debug - Microsoft.AspNetCore.Server.Kestrel.Transport.Sockets: Connection id "0HN68P8HS32EA" received FIN.
2024-08-30 09:02:49.2147 Debug - Microsoft.AspNetCore.Server.Kestrel.Transport.Sockets: Connection id "0HN68P8HS32EB" received FIN.
2024-08-30 09:02:49.2185 Debug - Microsoft.AspNetCore.Server.Kestrel.Transport.Sockets: Connection id "0HN68P8HS32EB" sending FIN because: "The Socket transport's send loop completed gracefully."
2024-08-30 09:02:49.2185 Debug - Microsoft.AspNetCore.Server.Kestrel.Transport.Sockets: Connection id "0HN68P8HS32EA" sending FIN because: "The Socket transport's send loop completed gracefully."
2024-08-30 09:02:49.2185 Debug - Microsoft.AspNetCore.Server.Kestrel.Connections: Connection id "0HN68P8HS32EA" disconnecting.
2024-08-30 09:02:49.2185 Debug - Microsoft.AspNetCore.Server.Kestrel.Connections: Connection id "0HN68P8HS32EB" disconnecting.
2024-08-30 09:02:49.2185 Debug - Microsoft.AspNetCore.Server.Kestrel.Connections: Connection id "0HN68P8HS32EB" stopped.
2024-08-30 09:02:49.2185 Debug - Microsoft.AspNetCore.Server.Kestrel.Connections: Connection id "0HN68P8HS32EA" stopped.
2024-08-30 09:02:49.4077 Debug - Microsoft.AspNetCore.Server.Kestrel.Connections: Connection id "0HN68P8HS32EC" accepted.
2024-08-30 09:02:49.4077 Debug - Microsoft.AspNetCore.Server.Kestrel.Connections: Connection id "0HN68P8HS32EC" started.
2024-08-30 09:02:49.4077 Info - Microsoft.AspNetCore.Hosting.Diagnostics: Request starting HTTP/1.1 GET http://localhost:5067/swagger/v1/swagger.json - - -
2024-08-30 09:02:49.4077 Debug - Microsoft.AspNetCore.Routing.Matching.DfaMatcher: No candidates found for the request path '/swagger/v1/swagger.json'
2024-08-30 09:02:49.4077 Debug - Microsoft.AspNetCore.Routing.EndpointRoutingMiddleware: Request did not match any endpoints
2024-08-30 09:02:49.6344 Debug - Microsoft.AspNetCore.Server.Kestrel.Connections: Connection id "0HN68P8HS32EC" completed keep alive response.
2024-08-30 09:02:49.6344 Info - Microsoft.AspNetCore.Hosting.Diagnostics: Request finished HTTP/1.1 GET http://localhost:5067/swagger/v1/swagger.json - 200 - application/json;charset=utf-8 225.1298ms
2024-08-30 09:02:53.7690 Debug - Microsoft.AspNetCore.Server.Kestrel.Transport.Sockets: Connection id "0HN68P8HS32EC" received FIN.
2024-08-30 09:02:53.7690 Debug - Microsoft.AspNetCore.Server.Kestrel.Transport.Sockets: Connection id "0HN68P8HS32EC" sending FIN because: "The Socket transport's send loop completed gracefully."
2024-08-30 09:02:53.7690 Debug - Microsoft.AspNetCore.Server.Kestrel.Connections: Connection id "0HN68P8HS32EC" disconnecting.
2024-08-30 09:02:53.7690 Debug - Microsoft.AspNetCore.Server.Kestrel.Connections: Connection id "0HN68P8HS32EC" stopped.
2024-08-30 09:03:00.1647 Debug - Microsoft.AspNetCore.Server.Kestrel.Connections: Connection id "0HN68P8HS32ED" accepted.
2024-08-30 09:03:00.1647 Debug - Microsoft.AspNetCore.Server.Kestrel.Connections: Connection id "0HN68P8HS32ED" started.
2024-08-30 09:03:00.1647 Info - Microsoft.AspNetCore.Hosting.Diagnostics: Request starting HTTP/1.1 GET http://localhost:5067/api/Animal?SpeciesId=1 - - -
2024-08-30 09:03:00.1752 Debug - Microsoft.AspNetCore.Routing.Matching.DfaMatcher: 1 candidate(s) found for the request path '/api/Animal'
2024-08-30 09:03:00.1752 Debug - Microsoft.AspNetCore.Routing.Matching.DfaMatcher: Endpoint 'ZooManagement.Controllers.AnimalController.Search (zoomanagement)' with route pattern 'api/Animal' is valid for the request path '/api/Animal'
2024-08-30 09:03:00.1752 Debug - Microsoft.AspNetCore.Routing.EndpointRoutingMiddleware: Request matched endpoint 'ZooManagement.Controllers.AnimalController.Search (zoomanagement)'
2024-08-30 09:03:00.1865 Debug - Microsoft.AspNetCore.StaticFiles.StaticFileMiddleware: Static files was skipped as the request already matched an endpoint.
2024-08-30 09:03:00.1865 Warn - Microsoft.AspNetCore.HttpsPolicy.HttpsRedirectionMiddleware: Failed to determine the https port for redirect.
2024-08-30 09:03:00.1865 Info - Microsoft.AspNetCore.Routing.EndpointMiddleware: Executing endpoint 'ZooManagement.Controllers.AnimalController.Search (zoomanagement)'
2024-08-30 09:03:00.2213 Info - Microsoft.AspNetCore.Mvc.Infrastructure.ControllerActionInvoker: Route matched with {action = "Search", controller = "Animal"}. Executing controller action with signature Microsoft.AspNetCore.Mvc.ActionResult`1[ZooManagement.Models.Response.AnimalDetailsListResponse] Search(ZooManagement.Models.Request.AnimalSearchRequest) on controller ZooManagement.Controllers.AnimalController (zoomanagement).
2024-08-30 09:03:00.2213 Debug - Microsoft.AspNetCore.Mvc.Infrastructure.ControllerActionInvoker: Execution plan of authorization filters (in the following order): None
2024-08-30 09:03:00.2213 Debug - Microsoft.AspNetCore.Mvc.Infrastructure.ControllerActionInvoker: Execution plan of resource filters (in the following order): None
2024-08-30 09:03:00.2213 Debug - Microsoft.AspNetCore.Mvc.Infrastructure.ControllerActionInvoker: Execution plan of action filters (in the following order): Microsoft.AspNetCore.Mvc.ModelBinding.UnsupportedContentTypeFilter (Order: -3000), Microsoft.AspNetCore.Mvc.Infrastructure.ModelStateInvalidFilter (Order: -2000)
2024-08-30 09:03:00.2213 Debug - Microsoft.AspNetCore.Mvc.Infrastructure.ControllerActionInvoker: Execution plan of exception filters (in the following order): None
2024-08-30 09:03:00.2213 Debug - Microsoft.AspNetCore.Mvc.Infrastructure.ControllerActionInvoker: Execution plan of result filters (in the following order): Microsoft.AspNetCore.Mvc.Infrastructure.ClientErrorResultFilter (Order: -2000)
2024-08-30 09:03:00.2213 Debug - Microsoft.AspNetCore.Mvc.Infrastructure.ControllerActionInvoker: Executing controller factory for controller ZooManagement.Controllers.AnimalController (zoomanagement)
2024-08-30 09:03:00.2452 Debug - Microsoft.AspNetCore.Mvc.Infrastructure.ControllerActionInvoker: Executed controller factory for controller ZooManagement.Controllers.AnimalController (zoomanagement)
2024-08-30 09:03:00.2546 Debug - Microsoft.AspNetCore.Mvc.ModelBinding.ParameterBinder: Attempting to bind parameter 'searchRequest' of type 'ZooManagement.Models.Request.AnimalSearchRequest' ...
2024-08-30 09:03:00.2546 Debug - Microsoft.AspNetCore.Mvc.ModelBinding.Binders.ComplexObjectModelBinder: Attempting to bind parameter 'searchRequest' of type 'ZooManagement.Models.Request.AnimalSearchRequest' using the name '' in request data ...
2024-08-30 09:03:00.2546 Debug - Microsoft.AspNetCore.Mvc.ModelBinding.Binders.SimpleTypeModelBinder: Attempting to bind property 'ZooManagement.Models.Request.AnimalSearchRequest.Name' of type 'System.String' using the name 'Name' in request data ...
2024-08-30 09:03:00.2659 Debug - Microsoft.AspNetCore.Mvc.ModelBinding.Binders.SimpleTypeModelBinder: Could not find a value in the request with name 'Name' for binding property 'ZooManagement.Models.Request.AnimalSearchRequest.Name' of type 'System.String'.
2024-08-30 09:03:00.2659 Debug - Microsoft.AspNetCore.Mvc.ModelBinding.Binders.SimpleTypeModelBinder: Done attempting to bind property 'ZooManagement.Models.Request.AnimalSearchRequest.Name' of type 'System.String'.
2024-08-30 09:03:00.2659 Debug - Microsoft.AspNetCore.Mvc.ModelBinding.Binders.SimpleTypeModelBinder: Attempting to bind property 'ZooManagement.Models.Request.AnimalSearchRequest.SpeciesId' of type 'System.Nullable`1[System.Int32]' using the name 'SpeciesId' in request data ...
2024-08-30 09:03:00.2659 Debug - Microsoft.AspNetCore.Mvc.ModelBinding.Binders.SimpleTypeModelBinder: Done attempting to bind property 'ZooManagement.Models.Request.AnimalSearchRequest.SpeciesId' of type 'System.Nullable`1[System.Int32]'.
2024-08-30 09:03:00.2659 Debug - Microsoft.AspNetCore.Mvc.ModelBinding.Binders.SimpleTypeModelBinder: Attempting to bind property 'ZooManagement.Models.Request.AnimalSearchRequest.ClassificationId' of type 'System.Nullable`1[System.Int32]' using the name 'ClassificationId' in request data ...
2024-08-30 09:03:00.2659 Debug - Microsoft.AspNetCore.Mvc.ModelBinding.Binders.SimpleTypeModelBinder: Could not find a value in the request with name 'ClassificationId' for binding property 'ZooManagement.Models.Request.AnimalSearchRequest.ClassificationId' of type 'System.Nullable`1[System.Int32]'.
2024-08-30 09:03:00.2659 Debug - Microsoft.AspNetCore.Mvc.ModelBinding.Binders.SimpleTypeModelBinder: Done attempting to bind property 'ZooManagement.Models.Request.AnimalSearchRequest.ClassificationId' of type 'System.Nullable`1[System.Int32]'.
2024-08-30 09:03:00.2659 Debug - Microsoft.AspNetCore.Mvc.ModelBinding.Binders.SimpleTypeModelBinder: Attempting to bind property 'ZooManagement.Models.Request.AnimalSearchRequest.EnclosureId' of type 'System.Nullable`1[System.Int32]' using the name 'EnclosureId' in request data ...
2024-08-30 09:03:00.2659 Debug - Microsoft.AspNetCore.Mvc.ModelBinding.Binders.SimpleTypeModelBinder: Could not find a value in the request with name 'EnclosureId' for binding property 'ZooManagement.Models.Request.AnimalSearchRequest.EnclosureId' of type 'System.Nullable`1[System.Int32]'.
2024-08-30 09:03:00.2659 Debug - Microsoft.AspNetCore.Mvc.ModelBinding.Binders.SimpleTypeModelBinder: Done attempting to bind property 'ZooManagement.Models.Request.AnimalSearchRequest.EnclosureId' of type 'System.Nullable`1[System.Int32]'.
2024-08-30 09:03:00.2659 Debug - Microsoft.AspNetCore.Mvc.ModelBinding.Binders.SimpleTypeModelBinder: Attempting to bind property 'ZooManagement.Models.Request.AnimalSearchRequest.Age' of type 'System.Nullable`1[System.Int32]' using the name 'Age' in request data ...
2024-08-30 09:03:00.2659 Debug - Microsoft.AspNetCore.Mvc.ModelBinding.Binders.SimpleTypeModelBinder: Could not find a value in the request with name 'Age' for binding property 'ZooManagement.Models.Request.AnimalSearchRequest.Age' of type 'System.Nullable`1[System.Int32]'.
2024-08-30 09:03:00.2659 Debug - Microsoft.AspNetCore.Mvc.ModelBinding.Binders.SimpleTypeModelBinder: Done attempting to bind property 'ZooManagement.Models.Request.AnimalSearchRequest.Age' of type 'System.Nullable`1[System.Int32]'.
2024-08-30 09:03:00.2659 Debug - Microsoft.AspNetCore.Mvc.ModelBinding.Binders.DateTimeModelBinder: Attempting to bind property 'ZooManagement.Models.Request.AnimalSearchRequest.DateCameToZoo' of type 'System.Nullable`1[System.DateTime]' using the name 'DateCameToZoo' in request data ...
2024-08-30 09:03:00.2659 Debug - Microsoft.AspNetCore.Mvc.ModelBinding.Binders.DateTimeModelBinder: Could not find a value in the request with name 'DateCameToZoo' for binding property 'ZooManagement.Models.Request.AnimalSearchRequest.DateCameToZoo' of type 'System.Nullable`1[System.DateTime]'.
2024-08-30 09:03:00.2659 Debug - Microsoft.AspNetCore.Mvc.ModelBinding.Binders.DateTimeModelBinder: Done attempting to bind property 'ZooManagement.Models.Request.AnimalSearchRequest.DateCameToZoo' of type 'System.Nullable`1[System.DateTime]'.
2024-08-30 09:03:00.2659 Debug - Microsoft.AspNetCore.Mvc.ModelBinding.Binders.SimpleTypeModelBinder: Attempting to bind property 'ZooManagement.Models.Request.AnimalSearchRequest.Page' of type 'System.Int32' using the name 'Page' in request data ...
2024-08-30 09:03:00.2659 Debug - Microsoft.AspNetCore.Mvc.ModelBinding.Binders.SimpleTypeModelBinder: Could not find a value in the request with name 'Page' for binding property 'ZooManagement.Models.Request.AnimalSearchRequest.Page' of type 'System.Int32'.
2024-08-30 09:03:00.2659 Debug - Microsoft.AspNetCore.Mvc.ModelBinding.Binders.SimpleTypeModelBinder: Done attempting to bind property 'ZooManagement.Models.Request.AnimalSearchRequest.Page' of type 'System.Int32'.
2024-08-30 09:03:00.2659 Debug - Microsoft.AspNetCore.Mvc.ModelBinding.Binders.SimpleTypeModelBinder: Attempting to bind property 'ZooManagement.Models.Request.AnimalSearchRequest.PageSize' of type 'System.Int32' using the name 'PageSize' in request data ...
2024-08-30 09:03:00.2659 Debug - Microsoft.AspNetCore.Mvc.ModelBinding.Binders.SimpleTypeModelBinder: Could not find a value in the request with name 'PageSize' for binding property 'ZooManagement.Models.Request.AnimalSearchRequest.PageSize' of type 'System.Int32'.
2024-08-30 09:03:00.2659 Debug - Microsoft.AspNetCore.Mvc.ModelBinding.Binders.SimpleTypeModelBinder: Done attempting to bind property 'ZooManagement.Models.Request.AnimalSearchRequest.PageSize' of type 'System.Int32'.
2024-08-30 09:03:00.2659 Debug - Microsoft.AspNetCore.Mvc.ModelBinding.Binders.ComplexObjectModelBinder: Done attempting to bind parameter 'searchRequest' of type 'ZooManagement.Models.Request.AnimalSearchRequest'.
2024-08-30 09:03:00.2659 Debug - Microsoft.AspNetCore.Mvc.ModelBinding.ParameterBinder: Done attempting to bind parameter 'searchRequest' of type 'ZooManagement.Models.Request.AnimalSearchRequest'.
2024-08-30 09:03:00.2659 Debug - Microsoft.AspNetCore.Mvc.ModelBinding.ParameterBinder: Attempting to validate the bound parameter 'searchRequest' of type 'ZooManagement.Models.Request.AnimalSearchRequest' ...
2024-08-30 09:03:00.2821 Debug - Microsoft.AspNetCore.Mvc.ModelBinding.ParameterBinder: Done attempting to validate the bound parameter 'searchRequest' of type 'ZooManagement.Models.Request.AnimalSearchRequest'.
2024-08-30 09:03:00.4997 Debug - Microsoft.AspNetCore.Mvc.Infrastructure.DefaultOutputFormatterSelector: List of registered output formatters, in the following order: Microsoft.AspNetCore.Mvc.Formatters.HttpNoContentOutputFormatter, Microsoft.AspNetCore.Mvc.Formatters.StringOutputFormatter, Microsoft.AspNetCore.Mvc.Formatters.StreamOutputFormatter, Microsoft.AspNetCore.Mvc.Formatters.SystemTextJsonOutputFormatter
2024-08-30 09:03:00.4997 Debug - Microsoft.AspNetCore.Mvc.Infrastructure.DefaultOutputFormatterSelector: Attempting to select an output formatter based on Accept header 'text/plain'.
2024-08-30 09:03:00.4997 Debug - Microsoft.AspNetCore.Mvc.Infrastructure.DefaultOutputFormatterSelector: Could not find an output formatter based on content negotiation. Accepted types were (text/plain)
2024-08-30 09:03:00.4997 Debug - Microsoft.AspNetCore.Mvc.Infrastructure.DefaultOutputFormatterSelector: Attempting to select an output formatter without using a content type as no explicit content types were specified for the response.
2024-08-30 09:03:00.4997 Debug - Microsoft.AspNetCore.Mvc.Infrastructure.DefaultOutputFormatterSelector: Attempting to select the first formatter in the output formatters list which can write the result.
2024-08-30 09:03:00.4997 Debug - Microsoft.AspNetCore.Mvc.Infrastructure.DefaultOutputFormatterSelector: Selected output formatter 'Microsoft.AspNetCore.Mvc.Formatters.SystemTextJsonOutputFormatter' and content type 'application/json' to write the response.
2024-08-30 09:03:00.4997 Info - Microsoft.AspNetCore.Mvc.Infrastructure.ObjectResultExecutor: Executing ObjectResult, writing value of type 'ZooManagement.Models.Response.AnimalDetailsListResponse'.
2024-08-30 09:03:00.5463 Info - Microsoft.AspNetCore.Mvc.Infrastructure.ControllerActionInvoker: Executed action ZooManagement.Controllers.AnimalController.Search (zoomanagement) in 309.3798ms
2024-08-30 09:03:00.5463 Info - Microsoft.AspNetCore.Routing.EndpointMiddleware: Executed endpoint 'ZooManagement.Controllers.AnimalController.Search (zoomanagement)'
2024-08-30 09:03:00.5463 Debug - Microsoft.AspNetCore.Server.Kestrel.Connections: Connection id "0HN68P8HS32ED" completed keep alive response.
2024-08-30 09:03:00.5463 Info - Microsoft.AspNetCore.Hosting.Diagnostics: Request finished HTTP/1.1 GET http://localhost:5067/api/Animal?SpeciesId=1 - 200 - application/json;+charset=utf-8 388.8091ms
2024-08-30 09:03:03.7824 Debug - Microsoft.AspNetCore.Server.Kestrel.Transport.Sockets: Connection id "0HN68P8HS32ED" received FIN.
2024-08-30 09:03:03.7824 Debug - Microsoft.AspNetCore.Server.Kestrel.Transport.Sockets: Connection id "0HN68P8HS32ED" sending FIN because: "The Socket transport's send loop completed gracefully."
2024-08-30 09:03:03.7824 Debug - Microsoft.AspNetCore.Server.Kestrel.Connections: Connection id "0HN68P8HS32ED" disconnecting.
2024-08-30 09:03:03.7962 Debug - Microsoft.AspNetCore.Server.Kestrel.Connections: Connection id "0HN68P8HS32ED" stopped.
2024-08-30 09:04:37.0065 Debug - Microsoft.AspNetCore.Mvc.ModelBinding.ModelBinderFactory: Registered model binder providers, in the following order: Microsoft.AspNetCore.Mvc.ModelBinding.Binders.BinderTypeModelBinderProvider, Microsoft.AspNetCore.Mvc.ModelBinding.Binders.ServicesModelBinderProvider, Microsoft.AspNetCore.Mvc.ModelBinding.Binders.BodyModelBinderProvider, Microsoft.AspNetCore.Mvc.ModelBinding.Binders.HeaderModelBinderProvider, Microsoft.AspNetCore.Mvc.ModelBinding.Binders.FloatingPointTypeModelBinderProvider, Microsoft.AspNetCore.Mvc.ModelBinding.Binders.EnumTypeModelBinderProvider, Microsoft.AspNetCore.Mvc.ModelBinding.Binders.DateTimeModelBinderProvider, Microsoft.AspNetCore.Mvc.ModelBinding.Binders.SimpleTypeModelBinderProvider, Microsoft.AspNetCore.Mvc.ModelBinding.Binders.TryParseModelBinderProvider, Microsoft.AspNetCore.Mvc.ModelBinding.Binders.CancellationTokenModelBinderProvider, Microsoft.AspNetCore.Mvc.ModelBinding.Binders.ByteArrayModelBinderProvider, Microsoft.AspNetCore.Mvc.ModelBinding.Binders.FormFileModelBinderProvider, Microsoft.AspNetCore.Mvc.ModelBinding.Binders.FormCollectionModelBinderProvider, Microsoft.AspNetCore.Mvc.ModelBinding.Binders.KeyValuePairModelBinderProvider, Microsoft.AspNetCore.Mvc.ModelBinding.Binders.DictionaryModelBinderProvider, Microsoft.AspNetCore.Mvc.ModelBinding.Binders.ArrayModelBinderProvider, Microsoft.AspNetCore.Mvc.ModelBinding.Binders.CollectionModelBinderProvider, Microsoft.AspNetCore.Mvc.ModelBinding.Binders.ComplexObjectModelBinderProvider
2024-08-30 09:04:37.1367 Debug - Microsoft.Extensions.Hosting.Internal.Host: Hosting starting
2024-08-30 09:04:37.1892 Info - Microsoft.Hosting.Lifetime: Now listening on: http://localhost:5067
2024-08-30 09:04:37.1892 Debug - Microsoft.AspNetCore.Hosting.Diagnostics: Loaded hosting startup assembly zoomanagement
2024-08-30 09:04:37.1892 Info - Microsoft.Hosting.Lifetime: Application started. Press Ctrl+C to shut down.
2024-08-30 09:04:37.1892 Info - Microsoft.Hosting.Lifetime: Hosting environment: Development
2024-08-30 09:04:37.1892 Info - Microsoft.Hosting.Lifetime: Content root path: C:\Users\dorot\Documents\Study\TechSwitch\15-1-ZooManagement\MyZooManagement\MyZooManagement
2024-08-30 09:04:37.1892 Debug - Microsoft.Extensions.Hosting.Internal.Host: Hosting started
2024-08-30 09:04:50.9136 Debug - Microsoft.AspNetCore.Server.Kestrel.Connections: Connection id "0HN68P9M82KKF" accepted.
2024-08-30 09:04:50.9136 Debug - Microsoft.AspNetCore.Server.Kestrel.Connections: Connection id "0HN68P9M82KKF" started.
2024-08-30 09:04:50.9544 Info - Microsoft.AspNetCore.Hosting.Diagnostics: Request starting HTTP/1.1 GET http://localhost:5067/swagger/index.html - - -
2024-08-30 09:04:50.9544 Debug - Microsoft.AspNetCore.HostFiltering.HostFilteringMiddleware: Wildcard detected, all requests with hosts will be allowed.
2024-08-30 09:04:50.9696 Debug - Microsoft.AspNetCore.Routing.Matching.DfaMatcher: No candidates found for the request path '/swagger/index.html'
2024-08-30 09:04:50.9696 Debug - Microsoft.AspNetCore.Routing.EndpointRoutingMiddleware: Request did not match any endpoints
2024-08-30 09:04:51.0653 Debug - Microsoft.AspNetCore.Server.Kestrel.Connections: Connection id "0HN68P9M82KKF" completed keep alive response.
2024-08-30 09:04:51.0653 Info - Microsoft.AspNetCore.Hosting.Diagnostics: Request finished HTTP/1.1 GET http://localhost:5067/swagger/index.html - 200 - text/html;charset=utf-8 112.6473ms
2024-08-30 09:04:51.3211 Info - Microsoft.AspNetCore.Hosting.Diagnostics: Request starting HTTP/1.1 GET http://localhost:5067/swagger/v1/swagger.json - - -
2024-08-30 09:04:51.3211 Debug - Microsoft.AspNetCore.Routing.Matching.DfaMatcher: No candidates found for the request path '/swagger/v1/swagger.json'
2024-08-30 09:04:51.3211 Debug - Microsoft.AspNetCore.Routing.EndpointRoutingMiddleware: Request did not match any endpoints
2024-08-30 09:04:51.4892 Debug - Microsoft.AspNetCore.Server.Kestrel.Connections: Connection id "0HN68P9M82KKF" completed keep alive response.
2024-08-30 09:04:51.4892 Info - Microsoft.AspNetCore.Hosting.Diagnostics: Request finished HTTP/1.1 GET http://localhost:5067/swagger/v1/swagger.json - 200 - application/json;charset=utf-8 168.5519ms
2024-08-30 09:04:51.6572 Debug - Microsoft.AspNetCore.Server.Kestrel.Transport.Sockets: Connection id "0HN68P9M82KKF" received FIN.
2024-08-30 09:04:51.6572 Debug - Microsoft.AspNetCore.Server.Kestrel.Transport.Sockets: Connection id "0HN68P9M82KKF" sending FIN because: "The Socket transport's send loop completed gracefully."
2024-08-30 09:04:51.6572 Debug - Microsoft.AspNetCore.Server.Kestrel.Connections: Connection id "0HN68P9M82KKF" disconnecting.
2024-08-30 09:04:51.6572 Debug - Microsoft.AspNetCore.Server.Kestrel.Connections: Connection id "0HN68P9M82KKF" stopped.
2024-08-30 09:04:55.4994 Debug - Microsoft.AspNetCore.Server.Kestrel.Connections: Connection id "0HN68P9M82KKG" accepted.
2024-08-30 09:04:55.4994 Debug - Microsoft.AspNetCore.Server.Kestrel.Connections: Connection id "0HN68P9M82KKG" started.
2024-08-30 09:04:55.4994 Info - Microsoft.AspNetCore.Hosting.Diagnostics: Request starting HTTP/1.1 GET http://localhost:5067/api/Animal - - -
2024-08-30 09:04:55.4994 Debug - Microsoft.AspNetCore.Routing.Matching.DfaMatcher: 1 candidate(s) found for the request path '/api/Animal'
2024-08-30 09:04:55.4994 Debug - Microsoft.AspNetCore.Routing.Matching.DfaMatcher: Endpoint 'ZooManagement.Controllers.AnimalController.Search (zoomanagement)' with route pattern 'api/Animal' is valid for the request path '/api/Animal'
2024-08-30 09:04:55.5148 Debug - Microsoft.AspNetCore.Routing.EndpointRoutingMiddleware: Request matched endpoint 'ZooManagement.Controllers.AnimalController.Search (zoomanagement)'
2024-08-30 09:04:55.5148 Debug - Microsoft.AspNetCore.StaticFiles.StaticFileMiddleware: Static files was skipped as the request already matched an endpoint.
2024-08-30 09:04:55.5148 Warn - Microsoft.AspNetCore.HttpsPolicy.HttpsRedirectionMiddleware: Failed to determine the https port for redirect.
2024-08-30 09:04:55.5148 Info - Microsoft.AspNetCore.Routing.EndpointMiddleware: Executing endpoint 'ZooManagement.Controllers.AnimalController.Search (zoomanagement)'
2024-08-30 09:04:55.5399 Info - Microsoft.AspNetCore.Mvc.Infrastructure.ControllerActionInvoker: Route matched with {action = "Search", controller = "Animal"}. Executing controller action with signature Microsoft.AspNetCore.Mvc.ActionResult`1[ZooManagement.Models.Response.AnimalDetailsListResponse] Search(ZooManagement.Models.Request.AnimalSearchRequest) on controller ZooManagement.Controllers.AnimalController (zoomanagement).
2024-08-30 09:04:55.5399 Debug - Microsoft.AspNetCore.Mvc.Infrastructure.ControllerActionInvoker: Execution plan of authorization filters (in the following order): None
2024-08-30 09:04:55.5399 Debug - Microsoft.AspNetCore.Mvc.Infrastructure.ControllerActionInvoker: Execution plan of resource filters (in the following order): None
2024-08-30 09:04:55.5399 Debug - Microsoft.AspNetCore.Mvc.Infrastructure.ControllerActionInvoker: Execution plan of action filters (in the following order): Microsoft.AspNetCore.Mvc.ModelBinding.UnsupportedContentTypeFilter (Order: -3000), Microsoft.AspNetCore.Mvc.Infrastructure.ModelStateInvalidFilter (Order: -2000)
2024-08-30 09:04:55.5399 Debug - Microsoft.AspNetCore.Mvc.Infrastructure.ControllerActionInvoker: Execution plan of exception filters (in the following order): None
2024-08-30 09:04:55.5399 Debug - Microsoft.AspNetCore.Mvc.Infrastructure.ControllerActionInvoker: Execution plan of result filters (in the following order): Microsoft.AspNetCore.Mvc.Infrastructure.ClientErrorResultFilter (Order: -2000)
2024-08-30 09:04:55.5399 Debug - Microsoft.AspNetCore.Mvc.Infrastructure.ControllerActionInvoker: Executing controller factory for controller ZooManagement.Controllers.AnimalController (zoomanagement)
2024-08-30 09:04:55.5503 Debug - Microsoft.AspNetCore.Mvc.Infrastructure.ControllerActionInvoker: Executed controller factory for controller ZooManagement.Controllers.AnimalController (zoomanagement)
2024-08-30 09:04:55.5503 Debug - Microsoft.AspNetCore.Mvc.ModelBinding.ParameterBinder: Attempting to bind parameter 'searchRequest' of type 'ZooManagement.Models.Request.AnimalSearchRequest' ...
2024-08-30 09:04:55.5503 Debug - Microsoft.AspNetCore.Mvc.ModelBinding.Binders.ComplexObjectModelBinder: Attempting to bind parameter 'searchRequest' of type 'ZooManagement.Models.Request.AnimalSearchRequest' using the name '' in request data ...
2024-08-30 09:04:55.5503 Debug - Microsoft.AspNetCore.Mvc.ModelBinding.Binders.SimpleTypeModelBinder: Attempting to bind property 'ZooManagement.Models.Request.AnimalSearchRequest.Name' of type 'System.String' using the name 'Name' in request data ...
2024-08-30 09:04:55.5503 Debug - Microsoft.AspNetCore.Mvc.ModelBinding.Binders.SimpleTypeModelBinder: Could not find a value in the request with name 'Name' for binding property 'ZooManagement.Models.Request.AnimalSearchRequest.Name' of type 'System.String'.
2024-08-30 09:04:55.5503 Debug - Microsoft.AspNetCore.Mvc.ModelBinding.Binders.SimpleTypeModelBinder: Done attempting to bind property 'ZooManagement.Models.Request.AnimalSearchRequest.Name' of type 'System.String'.
2024-08-30 09:04:55.5503 Debug - Microsoft.AspNetCore.Mvc.ModelBinding.Binders.SimpleTypeModelBinder: Attempting to bind property 'ZooManagement.Models.Request.AnimalSearchRequest.SpeciesId' of type 'System.Nullable`1[System.Int32]' using the name 'SpeciesId' in request data ...
2024-08-30 09:04:55.5503 Debug - Microsoft.AspNetCore.Mvc.ModelBinding.Binders.SimpleTypeModelBinder: Could not find a value in the request with name 'SpeciesId' for binding property 'ZooManagement.Models.Request.AnimalSearchRequest.SpeciesId' of type 'System.Nullable`1[System.Int32]'.
2024-08-30 09:04:55.5503 Debug - Microsoft.AspNetCore.Mvc.ModelBinding.Binders.SimpleTypeModelBinder: Done attempting to bind property 'ZooManagement.Models.Request.AnimalSearchRequest.SpeciesId' of type 'System.Nullable`1[System.Int32]'.
2024-08-30 09:04:55.5503 Debug - Microsoft.AspNetCore.Mvc.ModelBinding.Binders.SimpleTypeModelBinder: Attempting to bind property 'ZooManagement.Models.Request.AnimalSearchRequest.ClassificationId' of type 'System.Nullable`1[System.Int32]' using the name 'ClassificationId' in request data ...
2024-08-30 09:04:55.5503 Debug - Microsoft.AspNetCore.Mvc.ModelBinding.Binders.SimpleTypeModelBinder: Could not find a value in the request with name 'ClassificationId' for binding property 'ZooManagement.Models.Request.AnimalSearchRequest.ClassificationId' of type 'System.Nullable`1[System.Int32]'.
2024-08-30 09:04:55.5503 Debug - Microsoft.AspNetCore.Mvc.ModelBinding.Binders.SimpleTypeModelBinder: Done attempting to bind property 'ZooManagement.Models.Request.AnimalSearchRequest.ClassificationId' of type 'System.Nullable`1[System.Int32]'.
2024-08-30 09:04:55.5503 Debug - Microsoft.AspNetCore.Mvc.ModelBinding.Binders.SimpleTypeModelBinder: Attempting to bind property 'ZooManagement.Models.Request.AnimalSearchRequest.EnclosureId' of type 'System.Nullable`1[System.Int32]' using the name 'EnclosureId' in request data ...
2024-08-30 09:04:55.5503 Debug - Microsoft.AspNetCore.Mvc.ModelBinding.Binders.SimpleTypeModelBinder: Could not find a value in the request with name 'EnclosureId' for binding property 'ZooManagement.Models.Request.AnimalSearchRequest.EnclosureId' of type 'System.Nullable`1[System.Int32]'.
2024-08-30 09:04:55.5503 Debug - Microsoft.AspNetCore.Mvc.ModelBinding.Binders.SimpleTypeModelBinder: Done attempting to bind property 'ZooManagement.Models.Request.AnimalSearchRequest.EnclosureId' of type 'System.Nullable`1[System.Int32]'.
2024-08-30 09:04:55.5503 Debug - Microsoft.AspNetCore.Mvc.ModelBinding.Binders.SimpleTypeModelBinder: Attempting to bind property 'ZooManagement.Models.Request.AnimalSearchRequest.Age' of type 'System.Nullable`1[System.Int32]' using the name 'Age' in request data ...
2024-08-30 09:04:55.5503 Debug - Microsoft.AspNetCore.Mvc.ModelBinding.Binders.SimpleTypeModelBinder: Could not find a value in the request with name 'Age' for binding property 'ZooManagement.Models.Request.AnimalSearchRequest.Age' of type 'System.Nullable`1[System.Int32]'.
2024-08-30 09:04:55.5503 Debug - Microsoft.AspNetCore.Mvc.ModelBinding.Binders.SimpleTypeModelBinder: Done attempting to bind property 'ZooManagement.Models.Request.AnimalSearchRequest.Age' of type 'System.Nullable`1[System.Int32]'.
2024-08-30 09:04:55.5615 Debug - Microsoft.AspNetCore.Mvc.ModelBinding.Binders.DateTimeModelBinder: Attempting to bind property 'ZooManagement.Models.Request.AnimalSearchRequest.DateCameToZoo' of type 'System.Nullable`1[System.DateTime]' using the name 'DateCameToZoo' in request data ...
2024-08-30 09:04:55.5615 Debug - Microsoft.AspNetCore.Mvc.ModelBinding.Binders.DateTimeModelBinder: Could not find a value in the request with name 'DateCameToZoo' for binding property 'ZooManagement.Models.Request.AnimalSearchRequest.DateCameToZoo' of type 'System.Nullable`1[System.DateTime]'.
2024-08-30 09:04:55.5615 Debug - Microsoft.AspNetCore.Mvc.ModelBinding.Binders.DateTimeModelBinder: Done attempting to bind property 'ZooManagement.Models.Request.AnimalSearchRequest.DateCameToZoo' of type 'System.Nullable`1[System.DateTime]'.
2024-08-30 09:04:55.5615 Debug - Microsoft.AspNetCore.Mvc.ModelBinding.Binders.SimpleTypeModelBinder: Attempting to bind property 'ZooManagement.Models.Request.AnimalSearchRequest.Page' of type 'System.Int32' using the name 'Page' in request data ...
2024-08-30 09:04:55.5615 Debug - Microsoft.AspNetCore.Mvc.ModelBinding.Binders.SimpleTypeModelBinder: Could not find a value in the request with name 'Page' for binding property 'ZooManagement.Models.Request.AnimalSearchRequest.Page' of type 'System.Int32'.
2024-08-30 09:04:55.5615 Debug - Microsoft.AspNetCore.Mvc.ModelBinding.Binders.SimpleTypeModelBinder: Done attempting to bind property 'ZooManagement.Models.Request.AnimalSearchRequest.Page' of type 'System.Int32'.
2024-08-30 09:04:55.5615 Debug - Microsoft.AspNetCore.Mvc.ModelBinding.Binders.SimpleTypeModelBinder: Attempting to bind property 'ZooManagement.Models.Request.AnimalSearchRequest.PageSize' of type 'System.Int32' using the name 'PageSize' in request data ...
2024-08-30 09:04:55.5615 Debug - Microsoft.AspNetCore.Mvc.ModelBinding.Binders.SimpleTypeModelBinder: Could not find a value in the request with name 'PageSize' for binding property 'ZooManagement.Models.Request.AnimalSearchRequest.PageSize' of type 'System.Int32'.
2024-08-30 09:04:55.5615 Debug - Microsoft.AspNetCore.Mvc.ModelBinding.Binders.SimpleTypeModelBinder: Done attempting to bind property 'ZooManagement.Models.Request.AnimalSearchRequest.PageSize' of type 'System.Int32'.
2024-08-30 09:04:55.5615 Debug - Microsoft.AspNetCore.Mvc.ModelBinding.Binders.ComplexObjectModelBinder: Done attempting to bind parameter 'searchRequest' of type 'ZooManagement.Models.Request.AnimalSearchRequest'.
2024-08-30 09:04:55.5615 Debug - Microsoft.AspNetCore.Mvc.ModelBinding.ParameterBinder: Done attempting to bind parameter 'searchRequest' of type 'ZooManagement.Models.Request.AnimalSearchRequest'.
2024-08-30 09:04:55.5615 Debug - Microsoft.AspNetCore.Mvc.ModelBinding.ParameterBinder: Attempting to validate the bound parameter 'searchRequest' of type 'ZooManagement.Models.Request.AnimalSearchRequest' ...
2024-08-30 09:04:55.5615 Debug - Microsoft.AspNetCore.Mvc.ModelBinding.ParameterBinder: Done attempting to validate the bound parameter 'searchRequest' of type 'ZooManagement.Models.Request.AnimalSearchRequest'.
2024-08-30 09:04:55.7917 Debug - Microsoft.AspNetCore.Mvc.Infrastructure.DefaultOutputFormatterSelector: List of registered output formatters, in the following order: Microsoft.AspNetCore.Mvc.Formatters.HttpNoContentOutputFormatter, Microsoft.AspNetCore.Mvc.Formatters.StringOutputFormatter, Microsoft.AspNetCore.Mvc.Formatters.StreamOutputFormatter, Microsoft.AspNetCore.Mvc.Formatters.SystemTextJsonOutputFormatter
2024-08-30 09:04:55.7917 Debug - Microsoft.AspNetCore.Mvc.Infrastructure.DefaultOutputFormatterSelector: Attempting to select an output formatter based on Accept header 'text/plain'.
2024-08-30 09:04:55.7917 Debug - Microsoft.AspNetCore.Mvc.Infrastructure.DefaultOutputFormatterSelector: Could not find an output formatter based on content negotiation. Accepted types were (text/plain)
2024-08-30 09:04:55.7917 Debug - Microsoft.AspNetCore.Mvc.Infrastructure.DefaultOutputFormatterSelector: Attempting to select an output formatter without using a content type as no explicit content types were specified for the response.
2024-08-30 09:04:55.7917 Debug - Microsoft.AspNetCore.Mvc.Infrastructure.DefaultOutputFormatterSelector: Attempting to select the first formatter in the output formatters list which can write the result.
2024-08-30 09:04:55.7964 Debug - Microsoft.AspNetCore.Mvc.Infrastructure.DefaultOutputFormatterSelector: Selected output formatter 'Microsoft.AspNetCore.Mvc.Formatters.SystemTextJsonOutputFormatter' and content type 'application/json' to write the response.
2024-08-30 09:04:55.7964 Info - Microsoft.AspNetCore.Mvc.Infrastructure.ObjectResultExecutor: Executing ObjectResult, writing value of type 'ZooManagement.Models.Response.AnimalDetailsListResponse'.
2024-08-30 09:04:55.8337 Info - Microsoft.AspNetCore.Mvc.Infrastructure.ControllerActionInvoker: Executed action ZooManagement.Controllers.AnimalController.Search (zoomanagement) in 278.2009ms
2024-08-30 09:04:55.8337 Info - Microsoft.AspNetCore.Routing.EndpointMiddleware: Executed endpoint 'ZooManagement.Controllers.AnimalController.Search (zoomanagement)'
2024-08-30 09:04:55.8337 Debug - Microsoft.AspNetCore.Server.Kestrel.Connections: Connection id "0HN68P9M82KKG" completed keep alive response.
2024-08-30 09:04:55.8425 Info - Microsoft.AspNetCore.Hosting.Diagnostics: Request finished HTTP/1.1 GET http://localhost:5067/api/Animal - 200 - application/json;+charset=utf-8 341.8057ms
2024-08-30 09:04:58.2091 Debug - Microsoft.AspNetCore.Server.Kestrel.Transport.Sockets: Connection id "0HN68P9M82KKG" received FIN.
2024-08-30 09:04:58.2091 Debug - Microsoft.AspNetCore.Server.Kestrel.Connections: Connection id "0HN68P9M82KKG" disconnecting.
2024-08-30 09:04:58.2091 Debug - Microsoft.AspNetCore.Server.Kestrel.Connections: Connection id "0HN68P9M82KKG" stopped.
2024-08-30 09:04:58.2091 Debug - Microsoft.AspNetCore.Server.Kestrel.Transport.Sockets: Connection id "0HN68P9M82KKG" sending FIN because: "The Socket transport's send loop completed gracefully."
