2024-08-28 09:00:45.6923 Debug - Microsoft.AspNetCore.Mvc.ModelBinding.ModelBinderFactory: Registered model binder providers, in the following order: Microsoft.AspNetCore.Mvc.ModelBinding.Binders.BinderTypeModelBinderProvider, Microsoft.AspNetCore.Mvc.ModelBinding.Binders.ServicesModelBinderProvider, Microsoft.AspNetCore.Mvc.ModelBinding.Binders.BodyModelBinderProvider, Microsoft.AspNetCore.Mvc.ModelBinding.Binders.HeaderModelBinderProvider, Microsoft.AspNetCore.Mvc.ModelBinding.Binders.FloatingPointTypeModelBinderProvider, Microsoft.AspNetCore.Mvc.ModelBinding.Binders.EnumTypeModelBinderProvider, Microsoft.AspNetCore.Mvc.ModelBinding.Binders.DateTimeModelBinderProvider, Microsoft.AspNetCore.Mvc.ModelBinding.Binders.SimpleTypeModelBinderProvider, Microsoft.AspNetCore.Mvc.ModelBinding.Binders.TryParseModelBinderProvider, Microsoft.AspNetCore.Mvc.ModelBinding.Binders.CancellationTokenModelBinderProvider, Microsoft.AspNetCore.Mvc.ModelBinding.Binders.ByteArrayModelBinderProvider, Microsoft.AspNetCore.Mvc.ModelBinding.Binders.FormFileModelBinderProvider, Microsoft.AspNetCore.Mvc.ModelBinding.Binders.FormCollectionModelBinderProvider, Microsoft.AspNetCore.Mvc.ModelBinding.Binders.KeyValuePairModelBinderProvider, Microsoft.AspNetCore.Mvc.ModelBinding.Binders.DictionaryModelBinderProvider, Microsoft.AspNetCore.Mvc.ModelBinding.Binders.ArrayModelBinderProvider, Microsoft.AspNetCore.Mvc.ModelBinding.Binders.CollectionModelBinderProvider, Microsoft.AspNetCore.Mvc.ModelBinding.Binders.ComplexObjectModelBinderProvider
2024-08-28 09:00:45.7934 Debug - Microsoft.Extensions.Hosting.Internal.Host: Hosting starting
2024-08-28 09:00:45.9246 Info - Microsoft.Hosting.Lifetime: Now listening on: http://localhost:5067
2024-08-28 09:00:45.9246 Debug - Microsoft.AspNetCore.Hosting.Diagnostics: Loaded hosting startup assembly zoomanagement
2024-08-28 09:00:45.9246 Info - Microsoft.Hosting.Lifetime: Application started. Press Ctrl+C to shut down.
2024-08-28 09:00:45.9246 Info - Microsoft.Hosting.Lifetime: Hosting environment: Development
2024-08-28 09:00:45.9246 Info - Microsoft.Hosting.Lifetime: Content root path: C:\Users\dorot\Documents\Study\TechSwitch\15-1-ZooManagement\MyZooManagement\MyZooManagement
2024-08-28 09:00:45.9246 Debug - Microsoft.Extensions.Hosting.Internal.Host: Hosting started
2024-08-28 09:11:27.3923 Debug - Microsoft.AspNetCore.Mvc.ModelBinding.ModelBinderFactory: Registered model binder providers, in the following order: Microsoft.AspNetCore.Mvc.ModelBinding.Binders.BinderTypeModelBinderProvider, Microsoft.AspNetCore.Mvc.ModelBinding.Binders.ServicesModelBinderProvider, Microsoft.AspNetCore.Mvc.ModelBinding.Binders.BodyModelBinderProvider, Microsoft.AspNetCore.Mvc.ModelBinding.Binders.HeaderModelBinderProvider, Microsoft.AspNetCore.Mvc.ModelBinding.Binders.FloatingPointTypeModelBinderProvider, Microsoft.AspNetCore.Mvc.ModelBinding.Binders.EnumTypeModelBinderProvider, Microsoft.AspNetCore.Mvc.ModelBinding.Binders.DateTimeModelBinderProvider, Microsoft.AspNetCore.Mvc.ModelBinding.Binders.SimpleTypeModelBinderProvider, Microsoft.AspNetCore.Mvc.ModelBinding.Binders.TryParseModelBinderProvider, Microsoft.AspNetCore.Mvc.ModelBinding.Binders.CancellationTokenModelBinderProvider, Microsoft.AspNetCore.Mvc.ModelBinding.Binders.ByteArrayModelBinderProvider, Microsoft.AspNetCore.Mvc.ModelBinding.Binders.FormFileModelBinderProvider, Microsoft.AspNetCore.Mvc.ModelBinding.Binders.FormCollectionModelBinderProvider, Microsoft.AspNetCore.Mvc.ModelBinding.Binders.KeyValuePairModelBinderProvider, Microsoft.AspNetCore.Mvc.ModelBinding.Binders.DictionaryModelBinderProvider, Microsoft.AspNetCore.Mvc.ModelBinding.Binders.ArrayModelBinderProvider, Microsoft.AspNetCore.Mvc.ModelBinding.Binders.CollectionModelBinderProvider, Microsoft.AspNetCore.Mvc.ModelBinding.Binders.ComplexObjectModelBinderProvider
2024-08-28 09:11:27.5476 Debug - Microsoft.Extensions.Hosting.Internal.Host: Hosting starting
2024-08-28 09:11:27.7082 Info - Microsoft.Hosting.Lifetime: Now listening on: http://localhost:5067
2024-08-28 09:11:27.7082 Debug - Microsoft.AspNetCore.Hosting.Diagnostics: Loaded hosting startup assembly zoomanagement
2024-08-28 09:11:27.7082 Info - Microsoft.Hosting.Lifetime: Application started. Press Ctrl+C to shut down.
2024-08-28 09:11:27.7082 Info - Microsoft.Hosting.Lifetime: Hosting environment: Development
2024-08-28 09:11:27.7082 Info - Microsoft.Hosting.Lifetime: Content root path: C:\Users\dorot\Documents\Study\TechSwitch\15-1-ZooManagement\MyZooManagement\MyZooManagement
2024-08-28 09:11:27.7082 Debug - Microsoft.Extensions.Hosting.Internal.Host: Hosting started
2024-08-28 09:17:55.5284 Debug - Microsoft.AspNetCore.Mvc.ModelBinding.ModelBinderFactory: Registered model binder providers, in the following order: Microsoft.AspNetCore.Mvc.ModelBinding.Binders.BinderTypeModelBinderProvider, Microsoft.AspNetCore.Mvc.ModelBinding.Binders.ServicesModelBinderProvider, Microsoft.AspNetCore.Mvc.ModelBinding.Binders.BodyModelBinderProvider, Microsoft.AspNetCore.Mvc.ModelBinding.Binders.HeaderModelBinderProvider, Microsoft.AspNetCore.Mvc.ModelBinding.Binders.FloatingPointTypeModelBinderProvider, Microsoft.AspNetCore.Mvc.ModelBinding.Binders.EnumTypeModelBinderProvider, Microsoft.AspNetCore.Mvc.ModelBinding.Binders.DateTimeModelBinderProvider, Microsoft.AspNetCore.Mvc.ModelBinding.Binders.SimpleTypeModelBinderProvider, Microsoft.AspNetCore.Mvc.ModelBinding.Binders.TryParseModelBinderProvider, Microsoft.AspNetCore.Mvc.ModelBinding.Binders.CancellationTokenModelBinderProvider, Microsoft.AspNetCore.Mvc.ModelBinding.Binders.ByteArrayModelBinderProvider, Microsoft.AspNetCore.Mvc.ModelBinding.Binders.FormFileModelBinderProvider, Microsoft.AspNetCore.Mvc.ModelBinding.Binders.FormCollectionModelBinderProvider, Microsoft.AspNetCore.Mvc.ModelBinding.Binders.KeyValuePairModelBinderProvider, Microsoft.AspNetCore.Mvc.ModelBinding.Binders.DictionaryModelBinderProvider, Microsoft.AspNetCore.Mvc.ModelBinding.Binders.ArrayModelBinderProvider, Microsoft.AspNetCore.Mvc.ModelBinding.Binders.CollectionModelBinderProvider, Microsoft.AspNetCore.Mvc.ModelBinding.Binders.ComplexObjectModelBinderProvider
2024-08-28 09:17:55.6434 Debug - Microsoft.Extensions.Hosting.Internal.Host: Hosting starting
2024-08-28 09:17:55.7372 Info - Microsoft.Hosting.Lifetime: Now listening on: http://localhost:5067
2024-08-28 09:17:55.7372 Debug - Microsoft.AspNetCore.Hosting.Diagnostics: Loaded hosting startup assembly zoomanagement
2024-08-28 09:17:55.7372 Info - Microsoft.Hosting.Lifetime: Application started. Press Ctrl+C to shut down.
2024-08-28 09:17:55.7372 Info - Microsoft.Hosting.Lifetime: Hosting environment: Development
2024-08-28 09:17:55.7372 Info - Microsoft.Hosting.Lifetime: Content root path: C:\Users\dorot\Documents\Study\TechSwitch\15-1-ZooManagement\MyZooManagement\MyZooManagement
2024-08-28 09:17:55.7372 Debug - Microsoft.Extensions.Hosting.Internal.Host: Hosting started
2024-08-28 09:20:31.6191 Debug - Microsoft.AspNetCore.Mvc.ModelBinding.ModelBinderFactory: Registered model binder providers, in the following order: Microsoft.AspNetCore.Mvc.ModelBinding.Binders.BinderTypeModelBinderProvider, Microsoft.AspNetCore.Mvc.ModelBinding.Binders.ServicesModelBinderProvider, Microsoft.AspNetCore.Mvc.ModelBinding.Binders.BodyModelBinderProvider, Microsoft.AspNetCore.Mvc.ModelBinding.Binders.HeaderModelBinderProvider, Microsoft.AspNetCore.Mvc.ModelBinding.Binders.FloatingPointTypeModelBinderProvider, Microsoft.AspNetCore.Mvc.ModelBinding.Binders.EnumTypeModelBinderProvider, Microsoft.AspNetCore.Mvc.ModelBinding.Binders.DateTimeModelBinderProvider, Microsoft.AspNetCore.Mvc.ModelBinding.Binders.SimpleTypeModelBinderProvider, Microsoft.AspNetCore.Mvc.ModelBinding.Binders.TryParseModelBinderProvider, Microsoft.AspNetCore.Mvc.ModelBinding.Binders.CancellationTokenModelBinderProvider, Microsoft.AspNetCore.Mvc.ModelBinding.Binders.ByteArrayModelBinderProvider, Microsoft.AspNetCore.Mvc.ModelBinding.Binders.FormFileModelBinderProvider, Microsoft.AspNetCore.Mvc.ModelBinding.Binders.FormCollectionModelBinderProvider, Microsoft.AspNetCore.Mvc.ModelBinding.Binders.KeyValuePairModelBinderProvider, Microsoft.AspNetCore.Mvc.ModelBinding.Binders.DictionaryModelBinderProvider, Microsoft.AspNetCore.Mvc.ModelBinding.Binders.ArrayModelBinderProvider, Microsoft.AspNetCore.Mvc.ModelBinding.Binders.CollectionModelBinderProvider, Microsoft.AspNetCore.Mvc.ModelBinding.Binders.ComplexObjectModelBinderProvider
2024-08-28 09:20:31.7329 Debug - Microsoft.Extensions.Hosting.Internal.Host: Hosting starting
2024-08-28 09:20:31.8670 Info - Microsoft.Hosting.Lifetime: Now listening on: http://localhost:5067
2024-08-28 09:20:31.8670 Debug - Microsoft.AspNetCore.Hosting.Diagnostics: Loaded hosting startup assembly zoomanagement
2024-08-28 09:20:31.8670 Info - Microsoft.Hosting.Lifetime: Application started. Press Ctrl+C to shut down.
2024-08-28 09:20:31.8670 Info - Microsoft.Hosting.Lifetime: Hosting environment: Development
2024-08-28 09:20:31.8670 Info - Microsoft.Hosting.Lifetime: Content root path: C:\Users\dorot\Documents\Study\TechSwitch\15-1-ZooManagement\MyZooManagement\MyZooManagement
2024-08-28 09:20:31.8670 Debug - Microsoft.Extensions.Hosting.Internal.Host: Hosting started
