2024-09-01 11:32:42.4295 Debug - Microsoft.AspNetCore.Mvc.ModelBinding.ModelBinderFactory: Registered model binder providers, in the following order: Microsoft.AspNetCore.Mvc.ModelBinding.Binders.BinderTypeModelBinderProvider, Microsoft.AspNetCore.Mvc.ModelBinding.Binders.ServicesModelBinderProvider, Microsoft.AspNetCore.Mvc.ModelBinding.Binders.BodyModelBinderProvider, Microsoft.AspNetCore.Mvc.ModelBinding.Binders.HeaderModelBinderProvider, Microsoft.AspNetCore.Mvc.ModelBinding.Binders.FloatingPointTypeModelBinderProvider, Microsoft.AspNetCore.Mvc.ModelBinding.Binders.EnumTypeModelBinderProvider, Microsoft.AspNetCore.Mvc.ModelBinding.Binders.DateTimeModelBinderProvider, Microsoft.AspNetCore.Mvc.ModelBinding.Binders.SimpleTypeModelBinderProvider, Microsoft.AspNetCore.Mvc.ModelBinding.Binders.TryParseModelBinderProvider, Microsoft.AspNetCore.Mvc.ModelBinding.Binders.CancellationTokenModelBinderProvider, Microsoft.AspNetCore.Mvc.ModelBinding.Binders.ByteArrayModelBinderProvider, Microsoft.AspNetCore.Mvc.ModelBinding.Binders.FormFileModelBinderProvider, Microsoft.AspNetCore.Mvc.ModelBinding.Binders.FormCollectionModelBinderProvider, Microsoft.AspNetCore.Mvc.ModelBinding.Binders.KeyValuePairModelBinderProvider, Microsoft.AspNetCore.Mvc.ModelBinding.Binders.DictionaryModelBinderProvider, Microsoft.AspNetCore.Mvc.ModelBinding.Binders.ArrayModelBinderProvider, Microsoft.AspNetCore.Mvc.ModelBinding.Binders.CollectionModelBinderProvider, Microsoft.AspNetCore.Mvc.ModelBinding.Binders.ComplexObjectModelBinderProvider
2024-09-01 11:32:42.4790 Debug - Microsoft.Extensions.Hosting.Internal.Host: Hosting starting
2024-09-01 11:32:42.5277 Info - Microsoft.Hosting.Lifetime: Now listening on: http://localhost:5067
2024-09-01 11:32:42.5277 Debug - Microsoft.AspNetCore.Hosting.Diagnostics: Loaded hosting startup assembly zoomanagement
2024-09-01 11:32:42.5277 Info - Microsoft.Hosting.Lifetime: Application started. Press Ctrl+C to shut down.
2024-09-01 11:32:42.5277 Info - Microsoft.Hosting.Lifetime: Hosting environment: Development
2024-09-01 11:32:42.5277 Info - Microsoft.Hosting.Lifetime: Content root path: C:\Users\dorot\Documents\Study\TechSwitch\15-1-ZooManagement\MyZooManagement\MyZooManagement
2024-09-01 11:32:42.5277 Debug - Microsoft.Extensions.Hosting.Internal.Host: Hosting started
2024-09-01 11:41:01.4843 Debug - Microsoft.AspNetCore.Mvc.ModelBinding.ModelBinderFactory: Registered model binder providers, in the following order: Microsoft.AspNetCore.Mvc.ModelBinding.Binders.BinderTypeModelBinderProvider, Microsoft.AspNetCore.Mvc.ModelBinding.Binders.ServicesModelBinderProvider, Microsoft.AspNetCore.Mvc.ModelBinding.Binders.BodyModelBinderProvider, Microsoft.AspNetCore.Mvc.ModelBinding.Binders.HeaderModelBinderProvider, Microsoft.AspNetCore.Mvc.ModelBinding.Binders.FloatingPointTypeModelBinderProvider, Microsoft.AspNetCore.Mvc.ModelBinding.Binders.EnumTypeModelBinderProvider, Microsoft.AspNetCore.Mvc.ModelBinding.Binders.DateTimeModelBinderProvider, Microsoft.AspNetCore.Mvc.ModelBinding.Binders.SimpleTypeModelBinderProvider, Microsoft.AspNetCore.Mvc.ModelBinding.Binders.TryParseModelBinderProvider, Microsoft.AspNetCore.Mvc.ModelBinding.Binders.CancellationTokenModelBinderProvider, Microsoft.AspNetCore.Mvc.ModelBinding.Binders.ByteArrayModelBinderProvider, Microsoft.AspNetCore.Mvc.ModelBinding.Binders.FormFileModelBinderProvider, Microsoft.AspNetCore.Mvc.ModelBinding.Binders.FormCollectionModelBinderProvider, Microsoft.AspNetCore.Mvc.ModelBinding.Binders.KeyValuePairModelBinderProvider, Microsoft.AspNetCore.Mvc.ModelBinding.Binders.DictionaryModelBinderProvider, Microsoft.AspNetCore.Mvc.ModelBinding.Binders.ArrayModelBinderProvider, Microsoft.AspNetCore.Mvc.ModelBinding.Binders.CollectionModelBinderProvider, Microsoft.AspNetCore.Mvc.ModelBinding.Binders.ComplexObjectModelBinderProvider
2024-09-01 11:41:01.5804 Debug - Microsoft.Extensions.Hosting.Internal.Host: Hosting starting
2024-09-01 11:41:01.6705 Info - Microsoft.Hosting.Lifetime: Now listening on: http://localhost:5067
2024-09-01 11:41:01.6705 Debug - Microsoft.AspNetCore.Hosting.Diagnostics: Loaded hosting startup assembly zoomanagement
2024-09-01 11:41:01.6705 Info - Microsoft.Hosting.Lifetime: Application started. Press Ctrl+C to shut down.
2024-09-01 11:41:01.6705 Info - Microsoft.Hosting.Lifetime: Hosting environment: Development
2024-09-01 11:41:01.6705 Info - Microsoft.Hosting.Lifetime: Content root path: C:\Users\dorot\Documents\Study\TechSwitch\15-1-ZooManagement\MyZooManagement\MyZooManagement
2024-09-01 11:41:01.6705 Debug - Microsoft.Extensions.Hosting.Internal.Host: Hosting started
2024-09-01 11:41:12.5386 Debug - Microsoft.AspNetCore.Server.Kestrel.Connections: Connection id "0HN6AEACJEBIL" accepted.
2024-09-01 11:41:12.5386 Debug - Microsoft.AspNetCore.Server.Kestrel.Connections: Connection id "0HN6AEACJEBIL" started.
2024-09-01 11:41:12.5386 Debug - Microsoft.AspNetCore.Server.Kestrel.Connections: Connection id "0HN6AEACJEBIM" accepted.
2024-09-01 11:41:12.5386 Debug - Microsoft.AspNetCore.Server.Kestrel.Connections: Connection id "0HN6AEACJEBIM" started.
2024-09-01 11:41:12.5918 Info - Microsoft.AspNetCore.Hosting.Diagnostics: Request starting HTTP/1.1 GET http://localhost:5067/swagger/index.html - - -
2024-09-01 11:41:12.5918 Debug - Microsoft.AspNetCore.HostFiltering.HostFilteringMiddleware: Wildcard detected, all requests with hosts will be allowed.
2024-09-01 11:41:12.6231 Debug - Microsoft.AspNetCore.Routing.Matching.DfaMatcher: No candidates found for the request path '/swagger/index.html'
2024-09-01 11:41:12.6231 Debug - Microsoft.AspNetCore.Routing.EndpointRoutingMiddleware: Request did not match any endpoints
2024-09-01 11:41:12.7818 Debug - Microsoft.AspNetCore.Server.Kestrel.Connections: Connection id "0HN6AEACJEBIL" completed keep alive response.
2024-09-01 11:41:12.7869 Info - Microsoft.AspNetCore.Hosting.Diagnostics: Request finished HTTP/1.1 GET http://localhost:5067/swagger/index.html - 200 - text/html;charset=utf-8 194.5097ms
2024-09-01 11:41:12.8682 Info - Microsoft.AspNetCore.Hosting.Diagnostics: Request starting HTTP/1.1 GET http://localhost:5067/swagger/v1/swagger.json - - -
2024-09-01 11:41:12.8682 Debug - Microsoft.AspNetCore.Routing.Matching.DfaMatcher: No candidates found for the request path '/swagger/v1/swagger.json'
2024-09-01 11:41:12.8682 Debug - Microsoft.AspNetCore.Routing.EndpointRoutingMiddleware: Request did not match any endpoints
2024-09-01 11:41:13.0377 Debug - Microsoft.AspNetCore.Server.Kestrel.Connections: Connection id "0HN6AEACJEBIL" completed keep alive response.
2024-09-01 11:41:13.0377 Info - Microsoft.AspNetCore.Hosting.Diagnostics: Request finished HTTP/1.1 GET http://localhost:5067/swagger/v1/swagger.json - 200 - application/json;charset=utf-8 169.9393ms
2024-09-01 11:41:17.4644 Info - Microsoft.AspNetCore.Hosting.Diagnostics: Request starting HTTP/1.1 GET http://localhost:5067/api/ZooKeeper/1 - - -
2024-09-01 11:41:17.4805 Debug - Microsoft.AspNetCore.Routing.Matching.DfaMatcher: 1 candidate(s) found for the request path '/api/ZooKeeper/1'
2024-09-01 11:41:17.4805 Debug - Microsoft.AspNetCore.Routing.Matching.DfaMatcher: Endpoint 'ZooManagement.Controllers.ZooKeeperController.GetById (zoomanagement)' with route pattern 'api/ZooKeeper/{id}' is valid for the request path '/api/ZooKeeper/1'
2024-09-01 11:41:17.4805 Debug - Microsoft.AspNetCore.Routing.EndpointRoutingMiddleware: Request matched endpoint 'ZooManagement.Controllers.ZooKeeperController.GetById (zoomanagement)'
2024-09-01 11:41:17.4868 Debug - Microsoft.AspNetCore.StaticFiles.StaticFileMiddleware: Static files was skipped as the request already matched an endpoint.
2024-09-01 11:41:17.4868 Warn - Microsoft.AspNetCore.HttpsPolicy.HttpsRedirectionMiddleware: Failed to determine the https port for redirect.
2024-09-01 11:41:17.4868 Info - Microsoft.AspNetCore.Routing.EndpointMiddleware: Executing endpoint 'ZooManagement.Controllers.ZooKeeperController.GetById (zoomanagement)'
2024-09-01 11:41:17.5082 Info - Microsoft.AspNetCore.Mvc.Infrastructure.ControllerActionInvoker: Route matched with {action = "GetById", controller = "ZooKeeper"}. Executing controller action with signature Microsoft.AspNetCore.Mvc.ActionResult`1[ZooManagement.Models.Response.FeedZooKeeperModel] GetById(Int32) on controller ZooManagement.Controllers.ZooKeeperController (zoomanagement).
2024-09-01 11:41:17.5082 Debug - Microsoft.AspNetCore.Mvc.Infrastructure.ControllerActionInvoker: Execution plan of authorization filters (in the following order): None
2024-09-01 11:41:17.5082 Debug - Microsoft.AspNetCore.Mvc.Infrastructure.ControllerActionInvoker: Execution plan of resource filters (in the following order): None
2024-09-01 11:41:17.5082 Debug - Microsoft.AspNetCore.Mvc.Infrastructure.ControllerActionInvoker: Execution plan of action filters (in the following order): Microsoft.AspNetCore.Mvc.ModelBinding.UnsupportedContentTypeFilter (Order: -3000), Microsoft.AspNetCore.Mvc.Infrastructure.ModelStateInvalidFilter (Order: -2000)
2024-09-01 11:41:17.5082 Debug - Microsoft.AspNetCore.Mvc.Infrastructure.ControllerActionInvoker: Execution plan of exception filters (in the following order): None
2024-09-01 11:41:17.5082 Debug - Microsoft.AspNetCore.Mvc.Infrastructure.ControllerActionInvoker: Execution plan of result filters (in the following order): Microsoft.AspNetCore.Mvc.Infrastructure.ClientErrorResultFilter (Order: -2000)
2024-09-01 11:41:17.5082 Debug - Microsoft.AspNetCore.Mvc.Infrastructure.ControllerActionInvoker: Executing controller factory for controller ZooManagement.Controllers.ZooKeeperController (zoomanagement)
2024-09-01 11:41:17.5219 Debug - Microsoft.AspNetCore.Mvc.Infrastructure.ControllerActionInvoker: Executed controller factory for controller ZooManagement.Controllers.ZooKeeperController (zoomanagement)
2024-09-01 11:41:17.5219 Debug - Microsoft.AspNetCore.Mvc.ModelBinding.ParameterBinder: Attempting to bind parameter 'id' of type 'System.Int32' ...
2024-09-01 11:41:17.5219 Debug - Microsoft.AspNetCore.Mvc.ModelBinding.Binders.SimpleTypeModelBinder: Attempting to bind parameter 'id' of type 'System.Int32' using the name 'id' in request data ...
2024-09-01 11:41:17.5219 Debug - Microsoft.AspNetCore.Mvc.ModelBinding.Binders.SimpleTypeModelBinder: Done attempting to bind parameter 'id' of type 'System.Int32'.
2024-09-01 11:41:17.5219 Debug - Microsoft.AspNetCore.Mvc.ModelBinding.ParameterBinder: Done attempting to bind parameter 'id' of type 'System.Int32'.
2024-09-01 11:41:17.5219 Debug - Microsoft.AspNetCore.Mvc.ModelBinding.ParameterBinder: Attempting to validate the bound parameter 'id' of type 'System.Int32' ...
2024-09-01 11:41:17.5219 Debug - Microsoft.AspNetCore.Mvc.ModelBinding.ParameterBinder: Done attempting to validate the bound parameter 'id' of type 'System.Int32'.
2024-09-01 11:41:17.8371 Debug - Microsoft.AspNetCore.Mvc.Infrastructure.DefaultOutputFormatterSelector: List of registered output formatters, in the following order: Microsoft.AspNetCore.Mvc.Formatters.HttpNoContentOutputFormatter, Microsoft.AspNetCore.Mvc.Formatters.StringOutputFormatter, Microsoft.AspNetCore.Mvc.Formatters.StreamOutputFormatter, Microsoft.AspNetCore.Mvc.Formatters.SystemTextJsonOutputFormatter
2024-09-01 11:41:17.8371 Debug - Microsoft.AspNetCore.Mvc.Infrastructure.DefaultOutputFormatterSelector: Attempting to select an output formatter based on Accept header 'text/plain'.
2024-09-01 11:41:17.8371 Debug - Microsoft.AspNetCore.Mvc.Infrastructure.DefaultOutputFormatterSelector: Could not find an output formatter based on content negotiation. Accepted types were (text/plain)
2024-09-01 11:41:17.8371 Debug - Microsoft.AspNetCore.Mvc.Infrastructure.DefaultOutputFormatterSelector: Attempting to select an output formatter without using a content type as no explicit content types were specified for the response.
2024-09-01 11:41:17.8371 Debug - Microsoft.AspNetCore.Mvc.Infrastructure.DefaultOutputFormatterSelector: Attempting to select the first formatter in the output formatters list which can write the result.
2024-09-01 11:41:17.8371 Debug - Microsoft.AspNetCore.Mvc.Infrastructure.DefaultOutputFormatterSelector: Selected output formatter 'Microsoft.AspNetCore.Mvc.Formatters.SystemTextJsonOutputFormatter' and content type 'application/json' to write the response.
2024-09-01 11:41:17.8371 Info - Microsoft.AspNetCore.Mvc.Infrastructure.ObjectResultExecutor: Executing ObjectResult, writing value of type 'ZooManagement.Models.Response.FeedZooKeeperModel'.
2024-09-01 11:41:17.8781 Info - Microsoft.AspNetCore.Mvc.Infrastructure.ControllerActionInvoker: Executed action ZooManagement.Controllers.ZooKeeperController.GetById (zoomanagement) in 360.3304ms
2024-09-01 11:41:17.8781 Info - Microsoft.AspNetCore.Routing.EndpointMiddleware: Executed endpoint 'ZooManagement.Controllers.ZooKeeperController.GetById (zoomanagement)'
2024-09-01 11:41:17.8781 Debug - Microsoft.AspNetCore.Server.Kestrel.Connections: Connection id "0HN6AEACJEBIL" completed keep alive response.
2024-09-01 11:41:17.8781 Info - Microsoft.AspNetCore.Hosting.Diagnostics: Request finished HTTP/1.1 GET http://localhost:5067/api/ZooKeeper/1 - 200 - application/json;+charset=utf-8 419.7682ms
2024-09-01 11:41:21.5527 Debug - Microsoft.AspNetCore.Server.Kestrel.Transport.Sockets: Connection id "0HN6AEACJEBIM" received FIN.
2024-09-01 11:41:21.5527 Debug - Microsoft.AspNetCore.Server.Kestrel.Transport.Sockets: Connection id "0HN6AEACJEBIL" received FIN.
2024-09-01 11:41:21.5527 Debug - Microsoft.AspNetCore.Server.Kestrel.Transport.Sockets: Connection id "0HN6AEACJEBIL" sending FIN because: "The Socket transport's send loop completed gracefully."
2024-09-01 11:41:21.5527 Debug - Microsoft.AspNetCore.Server.Kestrel.Transport.Sockets: Connection id "0HN6AEACJEBIM" sending FIN because: "The Socket transport's send loop completed gracefully."
2024-09-01 11:41:21.5527 Debug - Microsoft.AspNetCore.Server.Kestrel.Connections: Connection id "0HN6AEACJEBIL" disconnecting.
2024-09-01 11:41:21.5527 Debug - Microsoft.AspNetCore.Server.Kestrel.Connections: Connection id "0HN6AEACJEBIM" disconnecting.
2024-09-01 11:41:21.5527 Debug - Microsoft.AspNetCore.Server.Kestrel.Connections: Connection id "0HN6AEACJEBIM" stopped.
2024-09-01 11:41:21.5527 Debug - Microsoft.AspNetCore.Server.Kestrel.Connections: Connection id "0HN6AEACJEBIL" stopped.
